---------------------------------------------------------------
[ 2017-12-01T10:51:12+08:00 ] 127.0.0.1 127.0.0.1 POST /h5/bottle/index?XDEBUG_SESSION_START=12028
[ info ] www.tp5.com/h5/bottle/index?XDEBUG_SESSION_START=12028 [运行时间：153.825874s][吞吐率：0.01req/s] [内存消耗：2,558.63kb] [文件加载：34]
[ info ] [ LANG ] D:\wamp\www\zk\thinkphp\lang\zh-cn.php
[ info ] [ ROUTE ] array (
  'type' => 'module',
  'module' => 
  array (
    0 => 'h5',
    1 => 'bottle.index',
    2 => 'index',
  ),
  'convert' => false,
)
[ info ] [ HEADER ] array (
  'cache-control' => 'no-cache',
  'postman-token' => '6dbd53fb-b7c7-4b65-ad8a-db1945ba022c',
  'user-agent' => 'PostmanRuntime/6.4.1',
  'accept' => '*/*',
  'host' => 'www.tp5.com',
  'accept-encoding' => 'gzip, deflate',
  'content-length' => '0',
  'connection' => 'keep-alive',
)
[ info ] [ PARAM ] array (
  'XDEBUG_SESSION_START' => '12028',
  'version' => 'bottle',
)
[ info ] [ RUN ] app\h5\controller\bottle\Index->index[ D:\wamp\www\zk\application\h5\controller\bottle\Index.php ]
[ info ] [ LOG ] INIT File
[ log ] TmpTokenUrl is: https://api.weixin.qq.com/sns/oauth2/access_token?appid=&secret=&code=&grant_type=authorization_code 
