---------------------------------------------------------------
[ 2017-12-02T00:25:06+08:00 ] 127.0.0.1 127.0.0.1 POST /
[ info ] master.test.dphub.sandai.net:80/ [运行时间：0.225544s][吞吐率：4.43req/s] [内存消耗：1,980.18kb] [文件加载：28]
[ info ] [ LANG ] D:\wamp\www\zk\thinkphp\lang\zh-cn.php
[ info ] [ ROUTE ] array (
  'type' => 'module',
  'module' => 
  array (
    0 => '',
    1 => NULL,
    2 => NULL,
  ),
)
[ info ] [ HEADER ] array (
  'host' => 'master.test.dphub.sandai.net:80',
  'content-type' => 'application/octet-stream',
  'content-length' => '256',
  'connection' => 'Close',
)
[ info ] [ PARAM ] array (
)
[ info ] [ LOG ] INIT File
---------------------------------------------------------------
[ 2017-12-02T21:32:10+08:00 ] 127.0.0.1 127.0.0.1 GET /shop/index
[ info ] www.tp5.com/shop/index [运行时间：0.055189s][吞吐率：18.12req/s] [内存消耗：2,016.78kb] [文件加载：30]
[ info ] [ LANG ] D:\wamp\www\zk\thinkphp\lang\zh-cn.php
[ info ] [ ROUTE ] array (
  'type' => 'module',
  'module' => 
  array (
    0 => 'shop',
    1 => 'index',
    2 => 'index',
  ),
  'convert' => false,
)
[ info ] [ HEADER ] array (
  'cache-control' => 'no-cache',
  'postman-token' => '3d9f34d2-3a54-448c-a564-6444a5d6c8b8',
  'content-type' => 'application/json',
  'user-agent' => 'PostmanRuntime/6.4.1',
  'accept' => '*/*',
  'host' => 'www.tp5.com',
  'accept-encoding' => 'gzip, deflate',
  'connection' => 'keep-alive',
)
[ info ] [ PARAM ] array (
)
[ info ] [ RUN ] app\shop\controller\Index->index[ D:\wamp\www\zk\application\shop\controller\Index.php ]
[ info ] [ LOG ] INIT File
[ error ] [1]Call to undefined method app\shop\controller\Index::fetch()[D:\wamp\www\zk\application\shop\controller\Index.php:16]
---------------------------------------------------------------
[ 2017-12-02T21:32:48+08:00 ] 127.0.0.1 127.0.0.1 GET /shop/index
[ info ] www.tp5.com/shop/index [运行时间：0.035294s][吞吐率：28.33req/s] [内存消耗：2,506.18kb] [文件加载：35]
[ info ] [ LANG ] D:\wamp\www\zk\thinkphp\lang\zh-cn.php
[ info ] [ ROUTE ] array (
  'type' => 'module',
  'module' => 
  array (
    0 => 'shop',
    1 => 'index',
    2 => 'index',
  ),
  'convert' => false,
)
[ info ] [ HEADER ] array (
  'cache-control' => 'no-cache',
  'postman-token' => '76dac768-de6b-4eb6-8f66-78cac757ddb4',
  'content-type' => 'application/json',
  'user-agent' => 'PostmanRuntime/6.4.1',
  'accept' => '*/*',
  'host' => 'www.tp5.com',
  'accept-encoding' => 'gzip, deflate',
  'connection' => 'keep-alive',
)
[ info ] [ PARAM ] array (
)
[ info ] [ RUN ] app\shop\controller\Index->index[ D:\wamp\www\zk\application\shop\controller\Index.php ]
[ info ] [ VIEW ] D:\wamp\www\zk\public/../application/shop\view\index\index.html [ array (
) ]
[ info ] [ LOG ] INIT File
[ error ] [0]模板文件不存在:D:\wamp\www\zk\public/../application/shop\view\layout.html[D:\wamp\www\zk\thinkphp\library\think\Template.php:1082]
---------------------------------------------------------------
[ 2017-12-02T21:35:17+08:00 ] 127.0.0.1 127.0.0.1 GET /shop/index
[ info ] www.tp5.com/shop/index [运行时间：0.042611s][吞吐率：23.47req/s] [内存消耗：2,652.19kb] [文件加载：34]
[ info ] [ LANG ] D:\wamp\www\zk\thinkphp\lang\zh-cn.php
[ info ] [ ROUTE ] array (
  'type' => 'module',
  'module' => 
  array (
    0 => 'shop',
    1 => 'index',
    2 => 'index',
  ),
  'convert' => false,
)
[ info ] [ HEADER ] array (
  'cache-control' => 'no-cache',
  'postman-token' => '8f7acd7f-4a7c-4086-b454-d9599d5c084d',
  'content-type' => 'application/json',
  'user-agent' => 'PostmanRuntime/6.4.1',
  'accept' => '*/*',
  'host' => 'www.tp5.com',
  'accept-encoding' => 'gzip, deflate',
  'connection' => 'keep-alive',
)
[ info ] [ PARAM ] array (
)
[ info ] [ RUN ] app\shop\controller\Index->index[ D:\wamp\www\zk\application\shop\controller\Index.php ]
[ info ] [ VIEW ] D:\wamp\www\zk\public/../application/shop\view\index\index.html [ array (
) ]
[ info ] [ LOG ] INIT File
