---------------------------------------------------------------
[ 2017-12-04T09:21:01+08:00 ] 127.0.0.1 127.0.0.1 GET /
[ info ] www.tp5.com/ [运行时间：0.995894s][吞吐率：1.00req/s] [内存消耗：1,992.88kb] [文件加载：28]
[ info ] [ LANG ] D:\wamp\www\zk\thinkphp\lang\zh-cn.php
[ info ] [ ROUTE ] array (
  'type' => 'module',
  'module' => 
  array (
    0 => '',
    1 => NULL,
    2 => NULL,
  ),
)
[ info ] [ HEADER ] array (
  'host' => 'www.tp5.com',
  'user-agent' => 'Mozilla/5.0 (Windows NT 10.0; Win64; x64; rv:57.0) Gecko/20100101 Firefox/57.0',
  'accept' => 'text/html,application/xhtml+xml,application/xml;q=0.9,*/*;q=0.8',
  'accept-language' => 'zh-CN,zh;q=0.8,zh-TW;q=0.7,zh-HK;q=0.5,en-US;q=0.3,en;q=0.2',
  'accept-encoding' => 'gzip, deflate',
  'connection' => 'keep-alive',
  'upgrade-insecure-requests' => '1',
)
[ info ] [ PARAM ] array (
)
[ info ] [ LOG ] INIT File
---------------------------------------------------------------
[ 2017-12-04T09:47:27+08:00 ] 127.0.0.1 127.0.0.1 POST /shop/index
[ info ] www.tp5.com/shop/index [运行时间：0.199404s][吞吐率：5.01req/s] [内存消耗：2,661.45kb] [文件加载：35]
[ info ] [ LANG ] D:\wamp\www\zk\thinkphp\lang\zh-cn.php
[ info ] [ ROUTE ] array (
  'type' => 'module',
  'module' => 
  array (
    0 => 'shop',
    1 => 'index',
    2 => 'index',
  ),
  'convert' => false,
)
[ info ] [ HEADER ] array (
  'cache-control' => 'no-cache',
  'postman-token' => '9645953c-48ca-4c30-8c0e-306a42525a5e',
  'user-agent' => 'PostmanRuntime/6.4.1',
  'accept' => '*/*',
  'host' => 'www.tp5.com',
  'accept-encoding' => 'gzip, deflate',
  'content-length' => '0',
  'connection' => 'keep-alive',
)
[ info ] [ PARAM ] array (
)
[ info ] [ RUN ] app\shop\controller\Index->index[ D:\wamp\www\zk\application\shop\controller\Index.php ]
[ info ] [ VIEW ] D:\wamp\www\zk\public/../application/shop\view\index\index.html [ array (
) ]
[ info ] [ LOG ] INIT File
---------------------------------------------------------------
[ 2017-12-04T15:16:32+08:00 ] 127.0.0.1 127.0.0.1 GET /?XDEBUG_SESSION_START=19231
[ info ] www.tp5.com/?XDEBUG_SESSION_START=19231 [运行时间：0.069250s][吞吐率：14.44req/s] [内存消耗：1,992.49kb] [文件加载：28]
[ info ] [ LANG ] D:\wamp\www\zk\thinkphp\lang\zh-cn.php
[ info ] [ ROUTE ] array (
  'type' => 'module',
  'module' => 
  array (
    0 => '',
    1 => NULL,
    2 => NULL,
  ),
)
[ info ] [ HEADER ] array (
  'accept' => 'text/html, application/xhtml+xml, image/jxr, */*',
  'accept-language' => 'zh-CN',
  'user-agent' => 'Mozilla/5.0 (Windows NT 10.0; WOW64; Trident/7.0; LCTE; rv:11.0) like Gecko',
  'accept-encoding' => 'gzip, deflate',
  'host' => 'www.tp5.com',
  'connection' => 'Keep-Alive',
)
[ info ] [ PARAM ] array (
  'XDEBUG_SESSION_START' => '19231',
)
[ info ] [ LOG ] INIT File
---------------------------------------------------------------
[ 2017-12-04T15:18:23+08:00 ] 127.0.0.1 127.0.0.1 GET /?XDEBUG_SESSION_START=11746
[ info ] www.tp5.com/?XDEBUG_SESSION_START=11746 [运行时间：0.038182s][吞吐率：26.19req/s] [内存消耗：1,993.13kb] [文件加载：28]
[ info ] [ LANG ] D:\wamp\www\zk\thinkphp\lang\zh-cn.php
[ info ] [ ROUTE ] array (
  'type' => 'module',
  'module' => 
  array (
    0 => '',
    1 => NULL,
    2 => NULL,
  ),
)
[ info ] [ HEADER ] array (
  'accept' => 'text/html, application/xhtml+xml, image/jxr, */*',
  'accept-language' => 'zh-CN',
  'user-agent' => 'Mozilla/5.0 (Windows NT 10.0; WOW64; Trident/7.0; LCTE; rv:11.0) like Gecko',
  'accept-encoding' => 'gzip, deflate',
  'host' => 'www.tp5.com',
  'connection' => 'Keep-Alive',
  'cookie' => 'XDEBUG_SESSION=19231',
)
[ info ] [ PARAM ] array (
  'XDEBUG_SESSION_START' => '11746',
)
[ info ] [ LOG ] INIT File
