---------------------------------------------------------------
[ 2017-12-07T19:54:06+08:00 ] 127.0.0.1 127.0.0.1 GET /shop/usercenter/index
[ info ] www.tp5.com/shop/usercenter/index [运行时间：2.654997s][吞吐率：0.38req/s] [内存消耗：2,659.18kb] [文件加载：38]
[ info ] [ LANG ] D:\wamp\www\zk\thinkphp\lang\zh-cn.php
[ info ] [ ROUTE ] array (
  'type' => 'module',
  'module' => 
  array (
    0 => 'shop',
    1 => 'usercenter',
    2 => 'index',
  ),
  'convert' => false,
)
[ info ] [ HEADER ] array (
  'host' => 'www.tp5.com',
  'connection' => 'keep-alive',
  'upgrade-insecure-requests' => '1',
  'user-agent' => 'Mozilla/5.0 (iPhone; CPU iPhone OS 9_1 like Mac OS X) AppleWebKit/601.1.46 (KHTML, like Gecko) Version/9.0 Mobile/13B143 Safari/601.1 wechatdevtools/1.01.1711160 MicroMessenger/6.5.7 Language/zh_CN webview/15126475952081467 webdebugger port/9974',
  'accept' => 'text/html,application/xhtml+xml,application/xml;q=0.9,image/webp,image/apng,*/*;q=0.8',
  'accept-encoding' => 'gzip, deflate',
  'accept-language' => 'zh-CN,zh;q=0.8',
)
[ info ] [ PARAM ] array (
)
[ info ] [ LOG ] INIT File
[ error ] [8]Trying to get property of non-object[D:\wamp\www\zk\application\shop\service\JSSDK.php:92]
---------------------------------------------------------------
[ 2017-12-07T19:54:06+08:00 ] 127.0.0.1 127.0.0.1 GET /shop/usercenter/index
[ info ] www.tp5.com/shop/usercenter/index [运行时间：2.300764s][吞吐率：0.43req/s] [内存消耗：2,659.28kb] [文件加载：38]
[ info ] [ LANG ] D:\wamp\www\zk\thinkphp\lang\zh-cn.php
[ info ] [ ROUTE ] array (
  'type' => 'module',
  'module' => 
  array (
    0 => 'shop',
    1 => 'usercenter',
    2 => 'index',
  ),
  'convert' => false,
)
[ info ] [ HEADER ] array (
  'host' => 'www.tp5.com',
  'connection' => 'keep-alive',
  'upgrade-insecure-requests' => '1',
  'user-agent' => 'Mozilla/5.0 (iPhone; CPU iPhone OS 9_1 like Mac OS X) AppleWebKit/601.1.46 (KHTML, like Gecko) Version/9.0 Mobile/13B143 Safari/601.1 wechatdevtools/1.01.1711160 MicroMessenger/6.5.7 Language/zh_CN webview/15126475952081467 webdebugger port/9974',
  'accept' => 'text/html,application/xhtml+xml,application/xml;q=0.9,image/webp,image/apng,*/*;q=0.8',
  'accept-encoding' => 'gzip, deflate',
  'accept-language' => 'zh-CN,zh;q=0.8',
)
[ info ] [ PARAM ] array (
)
[ info ] [ LOG ] INIT File
[ error ] [8]Trying to get property of non-object[D:\wamp\www\zk\application\shop\service\JSSDK.php:92]
---------------------------------------------------------------
[ 2017-12-07T19:54:20+08:00 ] 127.0.0.1 127.0.0.1 GET /shop/usercenter/index
[ info ] www.tp5.com/shop/usercenter/index [运行时间：0.085822s][吞吐率：11.65req/s] [内存消耗：2,659.41kb] [文件加载：38]
[ info ] [ LANG ] D:\wamp\www\zk\thinkphp\lang\zh-cn.php
[ info ] [ ROUTE ] array (
  'type' => 'module',
  'module' => 
  array (
    0 => 'shop',
    1 => 'usercenter',
    2 => 'index',
  ),
  'convert' => false,
)
[ info ] [ HEADER ] array (
  'host' => 'www.tp5.com',
  'connection' => 'keep-alive',
  'cache-control' => 'max-age=0',
  'upgrade-insecure-requests' => '1',
  'user-agent' => 'Mozilla/5.0 (iPhone; CPU iPhone OS 9_1 like Mac OS X) AppleWebKit/601.1.46 (KHTML, like Gecko) Version/9.0 Mobile/13B143 Safari/601.1 wechatdevtools/1.01.1711160 MicroMessenger/6.5.7 Language/zh_CN webview/15126475952081467 webdebugger port/9974',
  'accept' => 'text/html,application/xhtml+xml,application/xml;q=0.9,image/webp,image/apng,*/*;q=0.8',
  'accept-encoding' => 'gzip, deflate',
  'accept-language' => 'zh-CN,zh;q=0.8',
)
[ info ] [ PARAM ] array (
)
[ info ] [ LOG ] INIT File
[ error ] [8]Trying to get property of non-object[D:\wamp\www\zk\application\shop\service\JSSDK.php:92]
---------------------------------------------------------------
[ 2017-12-07T20:01:20+08:00 ] 127.0.0.1 127.0.0.1 GET /shop/usercenter/index
[ info ] www.tp5.com/shop/usercenter/index [运行时间：0.493192s][吞吐率：2.03req/s] [内存消耗：2,659.19kb] [文件加载：38]
[ info ] [ LANG ] D:\wamp\www\zk\thinkphp\lang\zh-cn.php
[ info ] [ ROUTE ] array (
  'type' => 'module',
  'module' => 
  array (
    0 => 'shop',
    1 => 'usercenter',
    2 => 'index',
  ),
  'convert' => false,
)
[ info ] [ HEADER ] array (
  'host' => 'www.tp5.com',
  'connection' => 'keep-alive',
  'upgrade-insecure-requests' => '1',
  'user-agent' => 'Mozilla/5.0 (iPhone; CPU iPhone OS 9_1 like Mac OS X) AppleWebKit/601.1.46 (KHTML, like Gecko) Version/9.0 Mobile/13B143 Safari/601.1 wechatdevtools/1.01.1711160 MicroMessenger/6.5.7 Language/zh_CN webview/15126480678075281 webdebugger port/9974',
  'accept' => 'text/html,application/xhtml+xml,application/xml;q=0.9,image/webp,image/apng,*/*;q=0.8',
  'accept-encoding' => 'gzip, deflate',
  'accept-language' => 'zh-CN,zh;q=0.8',
)
[ info ] [ PARAM ] array (
)
[ info ] [ LOG ] INIT File
[ error ] [8]Trying to get property of non-object[D:\wamp\www\zk\application\shop\service\JSSDK.php:92]
